<?xml version="1.0" encoding="UTF-8"?>
<!-- Generated by org.testng.reporters.JUnitReportReporter -->
<testsuite hostname="Shails-MacBook-Pro.local" failures="0" tests="1" name="projectTestPack.browser" time="0.013" errors="0" timestamp="2023-07-13T11:11:05 IST" skipped="0">
  <testcase classname="projectTestPack.browser" name="mi" time="0.013"/>
  <system-out/>
</testsuite> <!-- projectTestPack.browser -->
